{
  "RSpec": {
    "coverage": {
      "/Users/harishankar/Code/Personal/RubyTraining/training_calculator/lib/text_converter.rb": [
        1,
        null,
        1,
        4,
        null,
        null,
        1,
        4,
        3,
        3,
        3,
        null,
        3,
        null,
        3,
        3,
        null,
        0,
        0,
        null,
        0,
        0,
        null,
        0,
        0,
        null,
        null,
        null,
        null,
        null,
        null,
        null,
        null,
        null,
        1,
        1,
        3,
        2,
        1,
        0,
        null,
        1,
        null,
        0,
        null,
        null,
        null
      ],
      "/Users/harishankar/Code/Personal/RubyTraining/training_calculator/spec/calculator_spec.rb": [

      ],
      "/Users/harishankar/Code/Personal/RubyTraining/training_calculator/spec/text_converter_spec.rb": [
        1,
        null,
        1,
        1,
        1,
        1,
        2,
        null,
        null,
        1,
        1,
        2,
        null,
        null,
        1,
        1,
        2,
        null,
        null,
        1,
        1,
        2,
        null,
        null,
        null
      ]
    },
    "timestamp": 1433745094
  }
}
